<?xml version="1.0" encoding="UTF-8"?>
<testsuite name="pl.edu.mimuw.ConstantMatrixTest" tests="3" skipped="0" failures="0" errors="0" timestamp="2022-05-17T20:01:57" hostname="LAPTOP-1SG8CIN8" time="0.055">
  <properties/>
  <testcase name="testPathologicalArgumentConstant()" classname="pl.edu.mimuw.ConstantMatrixTest" time="0.055"/>
  <testcase name="testNormColumn()" classname="pl.edu.mimuw.ConstantMatrixTest" time="0.054"/>
  <testcase name="testPlusConstant()" classname="pl.edu.mimuw.ConstantMatrixTest" time="0.055"/>
  <system-out><![CDATA[]]></system-out>
  <system-err><![CDATA[]]></system-err>
</testsuite>
