<?xml version="1.0" encoding="UTF-8"?>
<testsuite name="pl.edu.mimuw.MatrixAssertionsTest" tests="53" skipped="0" failures="0" errors="0" timestamp="2022-05-17T20:01:57" hostname="LAPTOP-1SG8CIN8" time="0.293">
  <properties/>
  <testcase name="testSparseTimesThrowsOnNotMatchedSizes()" classname="pl.edu.mimuw.MatrixAssertionsTest" time="0.127"/>
  <testcase name="testFullAddThrowsOnNotMatchedSizes()" classname="pl.edu.mimuw.MatrixAssertionsTest" time="0.127"/>
  <testcase name="testFullTimesThrowsOnNotMatchedSizes()" classname="pl.edu.mimuw.MatrixAssertionsTest" time="0.127"/>
  <testcase name="testSparseAddThrowsOnNotMatchedSizes()" classname="pl.edu.mimuw.MatrixAssertionsTest" time="0.126"/>
  <testcase name="testInvalidConstructThrowsOnOutboundNegativeIndices()" classname="pl.edu.mimuw.MatrixAssertionsTest" time="0.126"/>
  <testcase name="testFullInvalidConstructThrowsOnEmpty()" classname="pl.edu.mimuw.MatrixAssertionsTest" time="0.125"/>
  <testcase name="testFullInvalidConstructThrowsOnNull()" classname="pl.edu.mimuw.MatrixAssertionsTest" time="0.124"/>
  <testcase name="testInvalidConstructThrowsOnOutboundIndices()" classname="pl.edu.mimuw.MatrixAssertionsTest" time="0.126"/>
  <testcase name="testInvalidConstructThrowsOnDifferentSizes()" classname="pl.edu.mimuw.MatrixAssertionsTest" time="0.128"/>
  <testcase name="[2] rows: 3, columns: 2&#10;1.0 2.0&#10;3.0 4.0&#10;5.0 6.0&#10;" classname="pl.edu.mimuw.MatrixAssertionsTest" time="0.113"/>
  <testcase name="[9] rows: 2, columns: 2&#10;1.0 0.0&#10;0.0 1.0&#10;" classname="pl.edu.mimuw.MatrixAssertionsTest" time="0.109"/>
  <testcase name="[6] rows: 3, columns: 2&#10;1.0 2.0&#10;3.0 4.0&#10;5.0 6.0&#10;" classname="pl.edu.mimuw.MatrixAssertionsTest" time="0.001"/>
  <testcase name="[3] rows: 3, columns: 3&#10;7.0 0.0 0.0&#10;0.0 8.0 0.0&#10;0.0 0.0 9.0&#10;" classname="pl.edu.mimuw.MatrixAssertionsTest" time="0.117"/>
  <testcase name="[2] rows: 3, columns: 2&#10;1.0 2.0&#10;3.0 4.0&#10;5.0 6.0&#10;" classname="pl.edu.mimuw.MatrixAssertionsTest" time="0.117"/>
  <testcase name="[3] rows: 3, columns: 3&#10;7.0 0.0 0.0&#10;0.0 8.0 0.0&#10;0.0 0.0 9.0&#10;" classname="pl.edu.mimuw.MatrixAssertionsTest" time="0.117"/>
  <testcase name="[2] rows: 3, columns: 2&#10;1.0 2.0&#10;3.0 4.0&#10;5.0 6.0&#10;" classname="pl.edu.mimuw.MatrixAssertionsTest" time="0.118"/>
  <testcase name="[3] rows: 3, columns: 3&#10;7.0 0.0 0.0&#10;0.0 8.0 0.0&#10;0.0 0.0 9.0&#10;" classname="pl.edu.mimuw.MatrixAssertionsTest" time="0.114"/>
  <testcase name="[3] rows: 3, columns: 3&#10;7.0 0.0 0.0&#10;0.0 8.0 0.0&#10;0.0 0.0 9.0&#10;" classname="pl.edu.mimuw.MatrixAssertionsTest" time="0.12"/>
  <testcase name="[2] rows: 3, columns: 2&#10;1.0 2.0&#10;3.0 4.0&#10;5.0 6.0&#10;" classname="pl.edu.mimuw.MatrixAssertionsTest" time="0.12"/>
  <testcase name="[1] rows: 2, columns: 3&#10;1.0 2.0 3.0&#10;4.0 5.0 6.0&#10;" classname="pl.edu.mimuw.MatrixAssertionsTest" time="0.121"/>
  <testcase name="[7] rows: 2, columns: 1&#10;18.0&#10;19.0&#10;" classname="pl.edu.mimuw.MatrixAssertionsTest" time="0.001"/>
  <testcase name="[5] rows: 2, columns: 3&#10;1.0 2.0 3.0&#10;4.0 5.0 6.0&#10;" classname="pl.edu.mimuw.MatrixAssertionsTest" time="0.121"/>
  <testcase name="[8] rows: 3, columns: 1&#10;15.0&#10;16.0&#10;17.0&#10;" classname="pl.edu.mimuw.MatrixAssertionsTest" time="0.002"/>
  <testcase name="[1] rows: 2, columns: 3&#10;1.0 2.0 3.0&#10;4.0 5.0 6.0&#10;" classname="pl.edu.mimuw.MatrixAssertionsTest" time="0.126"/>
  <testcase name="[7] rows: 2, columns: 1&#10;18.0&#10;19.0&#10;" classname="pl.edu.mimuw.MatrixAssertionsTest" time="0.001"/>
  <testcase name="[9] rows: 2, columns: 2&#10;1.0 0.0&#10;0.0 1.0&#10;" classname="pl.edu.mimuw.MatrixAssertionsTest" time="0.003"/>
  <testcase name="[1] rows: 2, columns: 3&#10;1.0 2.0 3.0&#10;4.0 5.0 6.0&#10;" classname="pl.edu.mimuw.MatrixAssertionsTest" time="0.122"/>
  <testcase name="[6] rows: 3, columns: 2&#10;1.0 2.0&#10;3.0 4.0&#10;5.0 6.0&#10;" classname="pl.edu.mimuw.MatrixAssertionsTest" time="0.004"/>
  <testcase name="[4] rows: 3, columns: 3&#10;0.0 0.0 10.0&#10;0.0 11.0 0.0&#10;12.0 0.0 0.0&#10;" classname="pl.edu.mimuw.MatrixAssertionsTest" time="0.112"/>
  <testcase name="[4] rows: 3, columns: 3&#10;0.0 0.0 10.0&#10;0.0 11.0 0.0&#10;12.0 0.0 0.0&#10;" classname="pl.edu.mimuw.MatrixAssertionsTest" time="0.001"/>
  <testcase name="[6] rows: 3, columns: 2&#10;1.0 2.0&#10;3.0 4.0&#10;5.0 6.0&#10;" classname="pl.edu.mimuw.MatrixAssertionsTest" time="0.001"/>
  <testcase name="[8] rows: 3, columns: 1&#10;15.0&#10;16.0&#10;17.0&#10;" classname="pl.edu.mimuw.MatrixAssertionsTest" time="0.002"/>
  <testcase name="[7] rows: 2, columns: 1&#10;18.0&#10;19.0&#10;" classname="pl.edu.mimuw.MatrixAssertionsTest" time="0.001"/>
  <testcase name="[9] rows: 2, columns: 2&#10;1.0 0.0&#10;0.0 1.0&#10;" classname="pl.edu.mimuw.MatrixAssertionsTest" time="0.004"/>
  <testcase name="[8] rows: 3, columns: 1&#10;15.0&#10;16.0&#10;17.0&#10;" classname="pl.edu.mimuw.MatrixAssertionsTest" time="0.002"/>
  <testcase name="[5] rows: 2, columns: 3&#10;1.0 2.0 3.0&#10;4.0 5.0 6.0&#10;" classname="pl.edu.mimuw.MatrixAssertionsTest" time="0.002"/>
  <testcase name="[5] rows: 2, columns: 3&#10;1.0 2.0 3.0&#10;4.0 5.0 6.0&#10;" classname="pl.edu.mimuw.MatrixAssertionsTest" time="0.001"/>
  <testcase name="[4] rows: 3, columns: 3&#10;0.0 0.0 10.0&#10;0.0 11.0 0.0&#10;12.0 0.0 0.0&#10;" classname="pl.edu.mimuw.MatrixAssertionsTest" time="0.001"/>
  <testcase name="[10] rows: 3, columns: 3&#10;1.0 0.0 0.0&#10;0.0 1.0 0.0&#10;0.0 0.0 1.0&#10;" classname="pl.edu.mimuw.MatrixAssertionsTest" time="0.012"/>
  <testcase name="[7] rows: 2, columns: 1&#10;18.0&#10;19.0&#10;" classname="pl.edu.mimuw.MatrixAssertionsTest" time="0.001"/>
  <testcase name="[9] rows: 2, columns: 2&#10;1.0 0.0&#10;0.0 1.0&#10;" classname="pl.edu.mimuw.MatrixAssertionsTest" time="0.002"/>
  <testcase name="[6] rows: 3, columns: 2&#10;1.0 2.0&#10;3.0 4.0&#10;5.0 6.0&#10;" classname="pl.edu.mimuw.MatrixAssertionsTest" time="0.011"/>
  <testcase name="[1] rows: 2, columns: 3&#10;1.0 2.0 3.0&#10;4.0 5.0 6.0&#10;" classname="pl.edu.mimuw.MatrixAssertionsTest" time="0.132"/>
  <testcase name="[11] rows: 3, columns: 2&#10;0.0 0.0&#10;0.0 0.0&#10;0.0 0.0&#10;" classname="pl.edu.mimuw.MatrixAssertionsTest" time="0.002"/>
  <testcase name="[4] rows: 3, columns: 3&#10;0.0 0.0 10.0&#10;0.0 11.0 0.0&#10;12.0 0.0 0.0&#10;" classname="pl.edu.mimuw.MatrixAssertionsTest" time="0.013"/>
  <testcase name="[11] rows: 3, columns: 2&#10;0.0 0.0&#10;0.0 0.0&#10;0.0 0.0&#10;" classname="pl.edu.mimuw.MatrixAssertionsTest" time="0.002"/>
  <testcase name="[11] rows: 3, columns: 2&#10;0.0 0.0&#10;0.0 0.0&#10;0.0 0.0&#10;" classname="pl.edu.mimuw.MatrixAssertionsTest" time="0.014"/>
  <testcase name="[11] rows: 3, columns: 2&#10;0.0 0.0&#10;0.0 0.0&#10;0.0 0.0&#10;" classname="pl.edu.mimuw.MatrixAssertionsTest" time="0.001"/>
  <testcase name="[8] rows: 3, columns: 1&#10;15.0&#10;16.0&#10;17.0&#10;" classname="pl.edu.mimuw.MatrixAssertionsTest" time="0.015"/>
  <testcase name="[10] rows: 3, columns: 3&#10;1.0 0.0 0.0&#10;0.0 1.0 0.0&#10;0.0 0.0 1.0&#10;" classname="pl.edu.mimuw.MatrixAssertionsTest" time="0.02"/>
  <testcase name="[5] rows: 2, columns: 3&#10;1.0 2.0 3.0&#10;4.0 5.0 6.0&#10;" classname="pl.edu.mimuw.MatrixAssertionsTest" time="0.022"/>
  <testcase name="[10] rows: 3, columns: 3&#10;1.0 0.0 0.0&#10;0.0 1.0 0.0&#10;0.0 0.0 1.0&#10;" classname="pl.edu.mimuw.MatrixAssertionsTest" time="0.002"/>
  <testcase name="[10] rows: 3, columns: 3&#10;1.0 0.0 0.0&#10;0.0 1.0 0.0&#10;0.0 0.0 1.0&#10;" classname="pl.edu.mimuw.MatrixAssertionsTest" time="0.001"/>
  <system-out><![CDATA[]]></system-out>
  <system-err><![CDATA[]]></system-err>
</testsuite>
